<?xml version="1.0" encoding="UTF-8"?>
<!-- Generated by org.testng.reporters.JUnitReportReporter -->
<testsuite hostname="DESKTOP-7SFSR7K" failures="0" tests="1" name="com.invigo.testCases.TC_AddCustomerTest_002" time="13.881" errors="0" timestamp="2021-05-08T18:40:01 IST" skipped="0">
  <testcase classname="com.invigo.testCases.TC_AddCustomerTest_002" name="AddCustomer" time="13.881"/>
  <system-out/>
</testsuite> <!-- com.invigo.testCases.TC_AddCustomerTest_002 -->
