<?xml version="1.0" encoding="UTF-8"?>
<!-- Generated by org.testng.reporters.JUnitReportReporter -->
<testsuite hostname="DESKTOP-7SFSR7K" failures="0" tests="1" name="com.invigo.testCases.TC_LoginPage_001" time="3.170" errors="0" timestamp="2021-05-09T13:41:58 IST" skipped="0">
  <testcase classname="com.invigo.testCases.TC_LoginPage_001" name="loginTest" time="3.170"/>
  <system-out/>
</testsuite> <!-- com.invigo.testCases.TC_LoginPage_001 -->
